<?xml version="1.0" encoding="UTF-8"?>
<testsuites name="Mocha Tests" time="0.4770" tests="2" failures="0">
  <testsuite name="Root Suite" timestamp="2022-07-21T13:50:45" tests="0" file="cypress\integration\examples\05-apiAutomationSpec.js" time="0.0000" failures="0">
  </testsuite>
  <testsuite name="Api Automation test cases" timestamp="2022-07-21T13:50:45" tests="2" time="0.4310" failures="0">
    <testcase name="Api Automation test cases Get Token" time="0.2120" classname="Get Token">
    </testcase>
    <testcase name="Api Automation test cases Login Api" time="0.1960" classname="Login Api">
    </testcase>
  </testsuite>
</testsuites>