<?xml version="1.0" encoding="UTF-8"?>
<testsuites name="Mocha Tests" time="29.3880" tests="20" failures="0" skipped="3">
  <testsuite name="Root Suite" timestamp="2022-07-20T10:51:01" tests="0" file="cypress\integration\examples\allSpecs.js" time="0.0000" failures="0">
  </testsuite>
  <testsuite name="Test Cases for Login Page" timestamp="2022-07-20T10:51:01" tests="6" time="15.2220" failures="0">
    <testcase name="Test Cases for Login Page Vist the URL" time="5.7700" classname="Vist the URL">
    </testcase>
    <testcase name="Test Cases for Login Page Verify the Heading of Login Page" time="0.8160" classname="Verify the Heading of Login Page">
    </testcase>
    <testcase name="Test Cases for Login Page Verify the URL of Login Page" time="0.2940" classname="Verify the URL of Login Page">
    </testcase>
    <testcase name="Test Cases for Login Page Enter the email address" time="1.6350" classname="Enter the email address">
    </testcase>
    <testcase name="Test Cases for Login Page Enter the Password" time="1.1990" classname="Enter the Password">
    </testcase>
    <testcase name="Test Cases for Login Page Click on Login Button" time="1.3920" classname="Click on Login Button">
    </testcase>
  </testsuite>
  <testsuite name="Test Cases after the user is Logged-In" timestamp="2022-07-20T10:51:16" tests="3" time="2.5420" failures="0">
    <testcase name="Test Cases after the user is Logged-In Select value from School Drop Down" time="2.1500" classname="Select value from School Drop Down">
    </testcase>
  </testsuite>
  <testsuite name="Test Cases for Adding a Refund Request" timestamp="2022-07-20T10:51:19" tests="10" time="11.2950" failures="0">
    <testcase name="Test Cases for Adding a Refund Request Click on Add Request button" time="2.3660" classname="Click on Add Request button">
    </testcase>
    <testcase name="Test Cases for Adding a Refund Request Verify the URL of Refund Screen" time="0.2670" classname="Verify the URL of Refund Screen">
    </testcase>
    <testcase name="Test Cases for Adding a Refund Request Select value from account drop down" time="0.3870" classname="Select value from account drop down">
    </testcase>
    <testcase name="Test Cases for Adding a Refund Request Enter the Refund Amount" time="0.5910" classname="Enter the Refund Amount">
    </testcase>
    <testcase name="Test Cases for Adding a Refund Request Click on Submit Button" time="0.3260" classname="Click on Submit Button">
    </testcase>
    <testcase name="Test Cases for Adding a Refund Request Verify the text of Toast Message" time="3.1860" classname="Verify the text of Toast Message">
    </testcase>
    <testcase name="Test Cases for Adding a Refund Request Verify CSV" time="2.6820" classname="Verify CSV">
    </testcase>
    <testcase name="Test Cases for Adding a Refund Request Click on Approve button" time="0.8430" classname="Click on Approve button">
    </testcase>
    <testcase name="Test Cases for Adding a Refund Request Verify that dialog is visible" time="0.1500" classname="Verify that dialog is visible">
    </testcase>
  </testsuite>
  <testsuite name="Verify DB Connection" timestamp="2022-07-20T10:51:30" tests="1" time="0.2480" failures="0">
    <testcase name="Verify DB Connection Verify connection with database" time="0.2510" classname="Verify connection with database">
    </testcase>
  </testsuite>
</testsuites>