<?xml version="1.0" encoding="UTF-8"?>
<testsuites name="Mocha Tests" time="9.9560" tests="17" failures="0" skipped="3">
  <testsuite name="Root Suite" timestamp="2022-07-07T11:03:59" tests="0" file="cypress\integration\examples\allSpecs.js" time="0.0000" failures="0">
  </testsuite>
  <testsuite name="Test Cases for Login Page" timestamp="2022-07-07T11:03:59" tests="6" time="5.2040" failures="0">
    <testcase name="Test Cases for Login Page Vist the URL" time="2.9500" classname="Vist the URL">
    </testcase>
    <testcase name="Test Cases for Login Page Verify the Heading of Login Page" time="0.3920" classname="Verify the Heading of Login Page">
    </testcase>
    <testcase name="Test Cases for Login Page Verify the URL of Login Page" time="0.1960" classname="Verify the URL of Login Page">
    </testcase>
    <testcase name="Test Cases for Login Page Enter the email address" time="0.6780" classname="Enter the email address">
    </testcase>
    <testcase name="Test Cases for Login Page Enter the Password" time="0.4490" classname="Enter the Password">
    </testcase>
    <testcase name="Test Cases for Login Page Click on Login Button" time="0.2830" classname="Click on Login Button">
    </testcase>
  </testsuite>
  <testsuite name="Test Cases after the user is Logged-In" timestamp="2022-07-07T11:04:04" tests="3" time="0.9350" failures="0">
    <testcase name="Test Cases after the user is Logged-In Select value from School Drop Down" time="0.9550" classname="Select value from School Drop Down">
    </testcase>
  </testsuite>
  <testsuite name="Test Cases for Adding a Refund Request" timestamp="2022-07-07T11:04:05" tests="8" time="3.7770" failures="0">
    <testcase name="Test Cases for Adding a Refund Request Click on Add Request button" time="0.7220" classname="Click on Add Request button">
    </testcase>
    <testcase name="Test Cases for Adding a Refund Request Verify the URL of Refund Screen" time="0.1050" classname="Verify the URL of Refund Screen">
    </testcase>
    <testcase name="Test Cases for Adding a Refund Request Select value from account drop down" time="0.2930" classname="Select value from account drop down">
    </testcase>
    <testcase name="Test Cases for Adding a Refund Request Enter the Refund Amount" time="0.4690" classname="Enter the Refund Amount">
    </testcase>
    <testcase name="Test Cases for Adding a Refund Request Click on Submit Button" time="0.1780" classname="Click on Submit Button">
    </testcase>
    <testcase name="Test Cases for Adding a Refund Request Verify the text of Toast Message" time="0.5740" classname="Verify the text of Toast Message">
    </testcase>
    <testcase name="Test Cases for Adding a Refund Request Verify CSV" time="1.2990" classname="Verify CSV">
    </testcase>
  </testsuite>
</testsuites>