<?xml version="1.0" encoding="UTF-8"?>
<testsuites name="Mocha Tests" time="10.2240" tests="20" failures="0" skipped="3">
  <testsuite name="Root Suite" timestamp="2022-07-19T11:23:42" tests="0" file="cypress\integration\examples\allSpecs.js" time="0.0000" failures="0">
  </testsuite>
  <testsuite name="Test Cases for Login Page" timestamp="2022-07-19T11:23:42" tests="6" time="4.8040" failures="0">
    <testcase name="Test Cases for Login Page Vist the URL" time="2.5920" classname="Vist the URL">
    </testcase>
    <testcase name="Test Cases for Login Page Verify the Heading of Login Page" time="0.4650" classname="Verify the Heading of Login Page">
    </testcase>
    <testcase name="Test Cases for Login Page Verify the URL of Login Page" time="0.1580" classname="Verify the URL of Login Page">
    </testcase>
    <testcase name="Test Cases for Login Page Enter the email address" time="0.7130" classname="Enter the email address">
    </testcase>
    <testcase name="Test Cases for Login Page Enter the Password" time="0.4630" classname="Enter the Password">
    </testcase>
    <testcase name="Test Cases for Login Page Click on Login Button" time="0.2930" classname="Click on Login Button">
    </testcase>
  </testsuite>
  <testsuite name="Test Cases after the user is Logged-In" timestamp="2022-07-19T11:23:47" tests="3" time="0.9150" failures="0">
    <testcase name="Test Cases after the user is Logged-In Select value from School Drop Down" time="0.8940" classname="Select value from School Drop Down">
    </testcase>
  </testsuite>
  <testsuite name="Test Cases for Adding a Refund Request" timestamp="2022-07-19T11:23:47" tests="10" time="4.2310" failures="0">
    <testcase name="Test Cases for Adding a Refund Request Click on Add Request button" time="0.6250" classname="Click on Add Request button">
    </testcase>
    <testcase name="Test Cases for Adding a Refund Request Verify the URL of Refund Screen" time="0.1170" classname="Verify the URL of Refund Screen">
    </testcase>
    <testcase name="Test Cases for Adding a Refund Request Select value from account drop down" time="0.3420" classname="Select value from account drop down">
    </testcase>
    <testcase name="Test Cases for Adding a Refund Request Enter the Refund Amount" time="0.4200" classname="Enter the Refund Amount">
    </testcase>
    <testcase name="Test Cases for Adding a Refund Request Click on Submit Button" time="0.1650" classname="Click on Submit Button">
    </testcase>
    <testcase name="Test Cases for Adding a Refund Request Verify the text of Toast Message" time="0.6080" classname="Verify the text of Toast Message">
    </testcase>
    <testcase name="Test Cases for Adding a Refund Request Verify CSV" time="0.9230" classname="Verify CSV">
    </testcase>
    <testcase name="Test Cases for Adding a Refund Request Click on Approve button" time="0.5590" classname="Click on Approve button">
    </testcase>
    <testcase name="Test Cases for Adding a Refund Request Verify that dialog is visible" time="0.3640" classname="Verify that dialog is visible">
    </testcase>
  </testsuite>
  <testsuite name="Verify DB Connection" timestamp="2022-07-19T11:23:52" tests="1" time="0.1990" failures="0">
    <testcase name="Verify DB Connection Verify connection with database" time="0.2110" classname="Verify connection with database">
    </testcase>
  </testsuite>
</testsuites>